<?xml version="1.0" encoding="UTF-8"?>
<!-- Generated by org.testng.reporters.JUnitXMLReporter -->
<testsuite ignored="0" hostname="LAPTOP-NQQ5MGTR" failures="0" tests="3" name="Default test" time="20.806" errors="0" timestamp="2025-05-21T00:53:09 IST">
  <testcase classname="packageForTest.AutomationSwagLabs.SwagLabsFrameworkTest" name="checkLogin" time="0.331"/>
  <testcase classname="packageForTest.AutomationSwagLabs.SwagLabsFrameworkTest" name="purchaseSauceLabs" time="4.556"/>
  <testcase classname="packageForTest.AutomationSwagLabs.SwagLabsFrameworkTest" name="regressionTest" time="0.498"/>
</testsuite> <!-- Default test -->
