<?xml version="1.0" encoding="UTF-8"?>
<!-- Generated by org.testng.reporters.JUnitXMLReporter -->
<testsuite ignored="0" hostname="LAPTOP-NQQ5MGTR" failures="0" tests="3" name="Test" time="36.1" errors="0" timestamp="2025-05-21T00:40:33 IST">
  <testcase classname="packageForTest.AutomationSwagLabs.SwagLabsFrameworkTest" name="checkLogin" time="0.382"/>
  <testcase classname="packageForTest.AutomationSwagLabs.SwagLabsFrameworkTest" name="purchaseSauceLabs" time="9.517"/>
  <testcase classname="packageForTest.AutomationSwagLabs.SwagLabsFrameworkTest" name="regressionTest" time="0.549"/>
</testsuite> <!-- Test -->
