<?xml version="1.0" encoding="UTF-8"?>
<testng-results ignored="0" total="3" passed="3" failed="0" skipped="0">
  <reporter-output>
  </reporter-output>
  <suite started-at="2025-05-21T00:52:48 IST" name="Default suite" finished-at="2025-05-21T00:53:09 IST" duration-ms="20806">
    <groups>
      <group name="Smoketest">
        <method signature="SwagLabsFrameworkTest.checkLogin()[pri:0, instance:packageForTest.AutomationSwagLabs.SwagLabsFrameworkTest@d737b89]" name="checkLogin" class="packageForTest.AutomationSwagLabs.SwagLabsFrameworkTest"/>
        <method signature="SwagLabsFrameworkTest.purchaseSauceLabs()[pri:0, instance:packageForTest.AutomationSwagLabs.SwagLabsFrameworkTest@d737b89]" name="purchaseSauceLabs" class="packageForTest.AutomationSwagLabs.SwagLabsFrameworkTest"/>
        <method signature="SwagLabsFrameworkTest.regressionTest()[pri:0, instance:packageForTest.AutomationSwagLabs.SwagLabsFrameworkTest@d737b89]" name="regressionTest" class="packageForTest.AutomationSwagLabs.SwagLabsFrameworkTest"/>
      </group> <!-- Smoketest -->
    </groups>
    <test started-at="2025-05-21T00:52:48 IST" name="Default test" finished-at="2025-05-21T00:53:09 IST" duration-ms="20806">
      <class name="packageForTest.AutomationSwagLabs.SwagLabsFrameworkTest">
        <test-method is-config="true" signature="setup()[pri:0, instance:packageForTest.AutomationSwagLabs.SwagLabsFrameworkTest@d737b89]" started-at="2025-05-21T00:52:48 IST" name="setup" finished-at="2025-05-21T00:52:51 IST" duration-ms="2727" status="PASS">
          <reporter-output>
          </reporter-output>
        </test-method> <!-- setup -->
        <test-method signature="checkLogin()[pri:0, instance:packageForTest.AutomationSwagLabs.SwagLabsFrameworkTest@d737b89]" started-at="2025-05-21T00:52:51 IST" name="checkLogin" finished-at="2025-05-21T00:52:51 IST" duration-ms="331" status="PASS">
          <reporter-output>
          </reporter-output>
        </test-method> <!-- checkLogin -->
        <test-method is-config="true" signature="close()[pri:0, instance:packageForTest.AutomationSwagLabs.SwagLabsFrameworkTest@d737b89]" started-at="2025-05-21T00:52:51 IST" name="close" finished-at="2025-05-21T00:52:54 IST" duration-ms="2724" status="PASS">
          <reporter-output>
          </reporter-output>
        </test-method> <!-- close -->
        <test-method is-config="true" signature="setup()[pri:0, instance:packageForTest.AutomationSwagLabs.SwagLabsFrameworkTest@d737b89]" started-at="2025-05-21T00:52:54 IST" name="setup" finished-at="2025-05-21T00:52:56 IST" duration-ms="2262" status="PASS">
          <reporter-output>
          </reporter-output>
        </test-method> <!-- setup -->
        <test-method signature="purchaseSauceLabs()[pri:0, instance:packageForTest.AutomationSwagLabs.SwagLabsFrameworkTest@d737b89]" started-at="2025-05-21T00:52:56 IST" name="purchaseSauceLabs" finished-at="2025-05-21T00:53:01 IST" duration-ms="4556" status="PASS">
          <reporter-output>
          </reporter-output>
        </test-method> <!-- purchaseSauceLabs -->
        <test-method is-config="true" signature="close()[pri:0, instance:packageForTest.AutomationSwagLabs.SwagLabsFrameworkTest@d737b89]" started-at="2025-05-21T00:53:01 IST" name="close" finished-at="2025-05-21T00:53:03 IST" duration-ms="2705" status="PASS">
          <reporter-output>
          </reporter-output>
        </test-method> <!-- close -->
        <test-method is-config="true" signature="setup()[pri:0, instance:packageForTest.AutomationSwagLabs.SwagLabsFrameworkTest@d737b89]" started-at="2025-05-21T00:53:03 IST" name="setup" finished-at="2025-05-21T00:53:06 IST" duration-ms="2247" status="PASS">
          <reporter-output>
          </reporter-output>
        </test-method> <!-- setup -->
        <test-method signature="regressionTest()[pri:0, instance:packageForTest.AutomationSwagLabs.SwagLabsFrameworkTest@d737b89]" started-at="2025-05-21T00:53:06 IST" name="regressionTest" finished-at="2025-05-21T00:53:06 IST" duration-ms="498" status="PASS">
          <reporter-output>
          </reporter-output>
        </test-method> <!-- regressionTest -->
        <test-method is-config="true" signature="close()[pri:0, instance:packageForTest.AutomationSwagLabs.SwagLabsFrameworkTest@d737b89]" started-at="2025-05-21T00:53:06 IST" name="close" finished-at="2025-05-21T00:53:09 IST" duration-ms="2703" status="PASS">
          <reporter-output>
          </reporter-output>
        </test-method> <!-- close -->
      </class> <!-- packageForTest.AutomationSwagLabs.SwagLabsFrameworkTest -->
    </test> <!-- Default test -->
  </suite> <!-- Default suite -->
</testng-results>
